Started GET "/settings" for 127.0.0.1 at 2018-04-19 09:21:45 +1000
  [1m[35m (1.5ms)[0m  [1m[34mSELECT "schema_migrations"."version" FROM "schema_migrations" ORDER BY "schema_migrations"."version" ASC[0m

ActionController::RoutingError (No route matches [GET] "/settings"):

actionpack (5.1.6) lib/action_dispatch/middleware/debug_exceptions.rb:63:in `call'
web-console (3.6.0) lib/web_console/middleware.rb:137:in `call_app'
web-console (3.6.0) lib/web_console/middleware.rb:30:in `block in call'
web-console (3.6.0) lib/web_console/middleware.rb:20:in `catch'
web-console (3.6.0) lib/web_console/middleware.rb:20:in `call'
actionpack (5.1.6) lib/action_dispatch/middleware/show_exceptions.rb:31:in `call'
railties (5.1.6) lib/rails/rack/logger.rb:36:in `call_app'
railties (5.1.6) lib/rails/rack/logger.rb:24:in `block in call'
activesupport (5.1.6) lib/active_support/tagged_logging.rb:69:in `block in tagged'
activesupport (5.1.6) lib/active_support/tagged_logging.rb:26:in `tagged'
activesupport (5.1.6) lib/active_support/tagged_logging.rb:69:in `tagged'
railties (5.1.6) lib/rails/rack/logger.rb:24:in `call'
sprockets-rails (3.2.1) lib/sprockets/rails/quiet_assets.rb:13:in `call'
actionpack (5.1.6) lib/action_dispatch/middleware/remote_ip.rb:79:in `call'
actionpack (5.1.6) lib/action_dispatch/middleware/request_id.rb:25:in `call'
rack (2.0.4) lib/rack/method_override.rb:22:in `call'
rack (2.0.4) lib/rack/runtime.rb:22:in `call'
activesupport (5.1.6) lib/active_support/cache/strategy/local_cache_middleware.rb:27:in `call'
actionpack (5.1.6) lib/action_dispatch/middleware/executor.rb:12:in `call'
actionpack (5.1.6) lib/action_dispatch/middleware/static.rb:125:in `call'
rack (2.0.4) lib/rack/sendfile.rb:111:in `call'
rack-cors (1.0.2) lib/rack/cors.rb:97:in `call'
rack-cors (1.0.2) lib/rack/cors.rb:97:in `call'
railties (5.1.6) lib/rails/engine.rb:522:in `call'
puma (3.11.4) lib/puma/configuration.rb:225:in `call'
puma (3.11.4) lib/puma/server.rb:632:in `handle_request'
puma (3.11.4) lib/puma/server.rb:446:in `process_client'
puma (3.11.4) lib/puma/server.rb:306:in `block in run'
puma (3.11.4) lib/puma/thread_pool.rb:120:in `block in spawn_thread'
Started GET "/" for 127.0.0.1 at 2018-04-19 09:21:48 +1000
Processing by PagesController#home as HTML
  Rendering pages/home.html.erb within layouts/application
  Rendered pages/home.html.erb within layouts/application (0.3ms)
Completed 200 OK in 234ms (Views: 231.9ms | ActiveRecord: 0.0ms)


Started GET "/" for 127.0.0.1 at 2018-04-18 00:58:30 +1000
  [1m[35m (0.5ms)[0m  [1m[34mSELECT "schema_migrations"."version" FROM "schema_migrations" ORDER BY "schema_migrations"."version" ASC[0m
Processing by Rails::WelcomeController#index as HTML
  Rendering /home/ivor/.rvm/gems/ruby-2.4.1/gems/railties-5.1.6/lib/rails/templates/rails/welcome/index.html.erb
  Rendered /home/ivor/.rvm/gems/ruby-2.4.1/gems/railties-5.1.6/lib/rails/templates/rails/welcome/index.html.erb (4.1ms)
Completed 200 OK in 9ms (Views: 7.9ms | ActiveRecord: 0.0ms)


  [1m[35m (28.2ms)[0m  [1m[35mCREATE TABLE "schema_migrations" ("version" character varying NOT NULL PRIMARY KEY)[0m
  [1m[35m (7.2ms)[0m  [1m[35mCREATE TABLE "ar_internal_metadata" ("key" character varying NOT NULL PRIMARY KEY, "value" character varying, "created_at" timestamp NOT NULL, "updated_at" timestamp NOT NULL)[0m
  [1m[35m (0.6ms)[0m  [1m[34mSELECT pg_try_advisory_lock(306975140273638095)[0m
  [1m[35m (1.0ms)[0m  [1m[34mSELECT "schema_migrations"."version" FROM "schema_migrations" ORDER BY "schema_migrations"."version" ASC[0m
Migrating to CreateAirplanes (20180417141230)
  [1m[35m (0.2ms)[0m  [1m[35mBEGIN[0m
  [1m[35m (12.4ms)[0m  [1m[35mCREATE TABLE "airplanes" ("id" bigserial primary key, "ship" character varying, "row" integer, "column" character varying, "created_at" timestamp NOT NULL, "updated_at" timestamp NOT NULL)[0m
  [1m[35mSQL (4.9ms)[0m  [1m[32mINSERT INTO "schema_migrations" ("version") VALUES ($1) RETURNING "version"[0m  [["version", "20180417141230"]]
  [1m[35m (0.5ms)[0m  [1m[35mCOMMIT[0m
Migrating to CreateFlights (20180417141241)
  [1m[35m (0.4ms)[0m  [1m[35mBEGIN[0m
  [1m[35m (5.1ms)[0m  [1m[35mCREATE TABLE "flights" ("id" bigserial primary key, "flightTime" timestamp, "source" character varying, "destination" character varying, "created_at" timestamp NOT NULL, "updated_at" timestamp NOT NULL)[0m
  [1m[35mSQL (0.4ms)[0m  [1m[32mINSERT INTO "schema_migrations" ("version") VALUES ($1) RETURNING "version"[0m  [["version", "20180417141241"]]
  [1m[35m (0.5ms)[0m  [1m[35mCOMMIT[0m
Migrating to CreateUsers (20180417141252)
  [1m[35m (0.4ms)[0m  [1m[35mBEGIN[0m
  [1m[35m (5.0ms)[0m  [1m[35mCREATE TABLE "users" ("id" bigserial primary key, "name" character varying, "created_at" timestamp NOT NULL, "updated_at" timestamp NOT NULL)[0m
  [1m[35mSQL (0.4ms)[0m  [1m[32mINSERT INTO "schema_migrations" ("version") VALUES ($1) RETURNING "version"[0m  [["version", "20180417141252"]]
  [1m[35m (0.5ms)[0m  [1m[35mCOMMIT[0m
Migrating to CreateReservations (20180417141301)
  [1m[35m (1.1ms)[0m  [1m[35mBEGIN[0m
  [1m[35m (4.2ms)[0m  [1m[35mCREATE TABLE "reservations" ("id" bigserial primary key, "created_at" timestamp NOT NULL, "updated_at" timestamp NOT NULL)[0m
  [1m[35mSQL (0.5ms)[0m  [1m[32mINSERT INTO "schema_migrations" ("version") VALUES ($1) RETURNING "version"[0m  [["version", "20180417141301"]]
  [1m[35m (0.5ms)[0m  [1m[35mCOMMIT[0m
  [1m[36mActiveRecord::InternalMetadata Load (0.5ms)[0m  [1m[34mSELECT  "ar_internal_metadata".* FROM "ar_internal_metadata" WHERE "ar_internal_metadata"."key" = $1 LIMIT $2[0m  [["key", "environment"], ["LIMIT", 1]]
  [1m[35m (0.3ms)[0m  [1m[35mBEGIN[0m
  [1m[35mSQL (2.3ms)[0m  [1m[32mINSERT INTO "ar_internal_metadata" ("key", "value", "created_at", "updated_at") VALUES ($1, $2, $3, $4) RETURNING "key"[0m  [["key", "environment"], ["value", "development"], ["created_at", "2018-04-17 23:14:46.534681"], ["updated_at", "2018-04-17 23:14:46.534681"]]
  [1m[35m (0.8ms)[0m  [1m[35mCOMMIT[0m
  [1m[35m (0.3ms)[0m  [1m[34mSELECT pg_advisory_unlock(306975140273638095)[0m
  [1m[35m (0.9ms)[0m  [1m[34mSELECT "schema_migrations"."version" FROM "schema_migrations" ORDER BY "schema_migrations"."version" ASC[0m
  [1m[35m (0.7ms)[0m  [1m[34mSELECT "schema_migrations"."version" FROM "schema_migrations" ORDER BY "schema_migrations"."version" ASC[0m
  [1m[36mAirplane Load (0.8ms)[0m  [1m[34mSELECT "airplanes".* FROM "airplanes"[0m
  [1m[35m (0.2ms)[0m  [1m[35mBEGIN[0m
  [1m[35mSQL (1.1ms)[0m  [1m[32mINSERT INTO "airplanes" ("ship", "row", "column", "created_at", "updated_at") VALUES ($1, $2, $3, $4, $5) RETURNING "id"[0m  [["ship", "Jett"], ["row", 20], ["column", "4"], ["created_at", "2018-04-17 23:14:51.349856"], ["updated_at", "2018-04-17 23:14:51.349856"]]
  [1m[35m (0.5ms)[0m  [1m[35mCOMMIT[0m
  [1m[35m (0.1ms)[0m  [1m[35mBEGIN[0m
  [1m[35mSQL (0.3ms)[0m  [1m[32mINSERT INTO "airplanes" ("ship", "row", "column", "created_at", "updated_at") VALUES ($1, $2, $3, $4, $5) RETURNING "id"[0m  [["ship", "Harrier"], ["row", 25], ["column", "6"], ["created_at", "2018-04-17 23:14:51.353278"], ["updated_at", "2018-04-17 23:14:51.353278"]]
  [1m[35m (0.4ms)[0m  [1m[35mCOMMIT[0m
  [1m[35m (0.1ms)[0m  [1m[35mBEGIN[0m
  [1m[35mSQL (0.4ms)[0m  [1m[32mINSERT INTO "airplanes" ("ship", "row", "column", "created_at", "updated_at") VALUES ($1, $2, $3, $4, $5) RETURNING "id"[0m  [["ship", "Falcon"], ["row", 30], ["column", "6"], ["created_at", "2018-04-17 23:14:51.355216"], ["updated_at", "2018-04-17 23:14:51.355216"]]
  [1m[35m (0.4ms)[0m  [1m[35mCOMMIT[0m
  [1m[35m (0.1ms)[0m  [1m[35mBEGIN[0m
  [1m[35mSQL (0.3ms)[0m  [1m[32mINSERT INTO "airplanes" ("ship", "row", "column", "created_at", "updated_at") VALUES ($1, $2, $3, $4, $5) RETURNING "id"[0m  [["ship", "Wilbur"], ["row", 15], ["column", "3"], ["created_at", "2018-04-17 23:14:51.357086"], ["updated_at", "2018-04-17 23:14:51.357086"]]
  [1m[35m (0.4ms)[0m  [1m[35mCOMMIT[0m
  [1m[35m (0.1ms)[0m  [1m[35mBEGIN[0m
  [1m[35mSQL (0.3ms)[0m  [1m[32mINSERT INTO "airplanes" ("ship", "row", "column", "created_at", "updated_at") VALUES ($1, $2, $3, $4, $5) RETURNING "id"[0m  [["ship", "Comet"], ["row", 60], ["column", "8"], ["created_at", "2018-04-17 23:14:51.358927"], ["updated_at", "2018-04-17 23:14:51.358927"]]
  [1m[35m (0.4ms)[0m  [1m[35mCOMMIT[0m
  [1m[36mFlight Load (0.5ms)[0m  [1m[34mSELECT "flights".* FROM "flights"[0m
  [1m[35m (0.1ms)[0m  [1m[35mBEGIN[0m
  [1m[35m (0.7ms)[0m  [1m[31mROLLBACK[0m
  [1m[35m (0.2ms)[0m  [1m[35mBEGIN[0m
  [1m[35m (0.1ms)[0m  [1m[31mROLLBACK[0m
  [1m[35m (0.1ms)[0m  [1m[35mBEGIN[0m
  [1m[35m (0.1ms)[0m  [1m[31mROLLBACK[0m
  [1m[35m (0.1ms)[0m  [1m[35mBEGIN[0m
  [1m[35m (0.1ms)[0m  [1m[31mROLLBACK[0m
  [1m[35m (0.1ms)[0m  [1m[35mBEGIN[0m
  [1m[35m (0.1ms)[0m  [1m[31mROLLBACK[0m
  [1m[36mReservation Load (0.5ms)[0m  [1m[34mSELECT "reservations".* FROM "reservations"[0m
  [1m[36mUser Load (0.4ms)[0m  [1m[34mSELECT "users".* FROM "users"[0m
  [1m[35m (0.1ms)[0m  [1m[35mBEGIN[0m
  [1m[35mSQL (0.5ms)[0m  [1m[32mINSERT INTO "users" ("name", "created_at", "updated_at") VALUES ($1, $2, $3) RETURNING "id"[0m  [["name", "John Coote"], ["created_at", "2018-04-17 23:14:51.410829"], ["updated_at", "2018-04-17 23:14:51.410829"]]
  [1m[35m (0.4ms)[0m  [1m[35mCOMMIT[0m
  [1m[35m (0.1ms)[0m  [1m[35mBEGIN[0m
  [1m[35mSQL (0.4ms)[0m  [1m[32mINSERT INTO "users" ("name", "created_at", "updated_at") VALUES ($1, $2, $3) RETURNING "id"[0m  [["name", "James Theo"], ["created_at", "2018-04-17 23:14:51.413040"], ["updated_at", "2018-04-17 23:14:51.413040"]]
  [1m[35m (0.4ms)[0m  [1m[35mCOMMIT[0m
  [1m[35m (0.1ms)[0m  [1m[35mBEGIN[0m
  [1m[35mSQL (0.4ms)[0m  [1m[32mINSERT INTO "users" ("name", "created_at", "updated_at") VALUES ($1, $2, $3) RETURNING "id"[0m  [["name", "Joel Turnball"], ["created_at", "2018-04-17 23:14:51.415094"], ["updated_at", "2018-04-17 23:14:51.415094"]]
  [1m[35m (0.4ms)[0m  [1m[35mCOMMIT[0m
Started GET "/" for 127.0.0.1 at 2018-04-18 09:15:11 +1000
  [1m[35m (0.7ms)[0m  [1m[34mSELECT "schema_migrations"."version" FROM "schema_migrations" ORDER BY "schema_migrations"."version" ASC[0m
Processing by Rails::WelcomeController#index as HTML
  Rendering /Users/vule/.rvm/gems/ruby-2.4.1/gems/railties-5.1.6/lib/rails/templates/rails/welcome/index.html.erb
  Rendered /Users/vule/.rvm/gems/ruby-2.4.1/gems/railties-5.1.6/lib/rails/templates/rails/welcome/index.html.erb (3.1ms)
Completed 200 OK in 14ms (Views: 10.2ms | ActiveRecord: 0.0ms)


Started GET "/" for 127.0.0.1 at 2018-04-18 09:17:06 +1000
  [1m[35m (1.0ms)[0m  [1m[34mSELECT "schema_migrations"."version" FROM "schema_migrations" ORDER BY "schema_migrations"."version" ASC[0m
Processing by Rails::WelcomeController#index as HTML
  Rendering /Users/vule/.rvm/gems/ruby-2.4.1/gems/railties-5.1.6/lib/rails/templates/rails/welcome/index.html.erb
  Rendered /Users/vule/.rvm/gems/ruby-2.4.1/gems/railties-5.1.6/lib/rails/templates/rails/welcome/index.html.erb (3.8ms)
Completed 200 OK in 13ms (Views: 10.0ms | ActiveRecord: 0.0ms)


Started GET "/" for 127.0.0.1 at 2018-04-18 09:21:05 +1000
  [1m[35m (0.9ms)[0m  [1m[34mSELECT "schema_migrations"."version" FROM "schema_migrations" ORDER BY "schema_migrations"."version" ASC[0m
Processing by Rails::WelcomeController#index as HTML
  Rendering /Users/vule/.rvm/gems/ruby-2.4.1/gems/railties-5.1.6/lib/rails/templates/rails/welcome/index.html.erb
  Rendered /Users/vule/.rvm/gems/ruby-2.4.1/gems/railties-5.1.6/lib/rails/templates/rails/welcome/index.html.erb (3.8ms)
Completed 200 OK in 14ms (Views: 11.1ms | ActiveRecord: 0.0ms)


  [1m[35m (0.7ms)[0m  [1m[34mSELECT "schema_migrations"."version" FROM "schema_migrations" ORDER BY "schema_migrations"."version" ASC[0m
Started GET "/" for 127.0.0.1 at 2018-04-18 09:29:02 +1000
  [1m[35m (0.8ms)[0m  [1m[34mSELECT "schema_migrations"."version" FROM "schema_migrations" ORDER BY "schema_migrations"."version" ASC[0m
Processing by Rails::WelcomeController#index as HTML
  Rendering /Users/vule/.rvm/gems/ruby-2.4.1/gems/railties-5.1.6/lib/rails/templates/rails/welcome/index.html.erb
  Rendered /Users/vule/.rvm/gems/ruby-2.4.1/gems/railties-5.1.6/lib/rails/templates/rails/welcome/index.html.erb (2.6ms)
Completed 200 OK in 12ms (Views: 8.2ms | ActiveRecord: 0.0ms)


Started GET "/airplanes" for 127.0.0.1 at 2018-04-18 09:29:07 +1000
Processing by AirplanesController#index as HTML
  Rendering airplanes/index.html.erb within layouts/application
  [1m[36mAirplane Load (1.4ms)[0m  [1m[34mSELECT "airplanes".* FROM "airplanes"[0m
  Rendered airplanes/index.html.erb within layouts/application (47.0ms)
Completed 200 OK in 662ms (Views: 635.2ms | ActiveRecord: 20.7ms)


Started GET "/users/new" for 127.0.0.1 at 2018-04-18 09:29:22 +1000
Processing by UsersController#new as HTML
  Rendering users/new.html.erb within layouts/application
  Rendered users/_form.html.erb (18.2ms)
  Rendered users/new.html.erb within layouts/application (20.8ms)
Completed 200 OK in 63ms (Views: 48.6ms | ActiveRecord: 4.2ms)


Started GET "/users" for 127.0.0.1 at 2018-04-18 09:29:27 +1000
Processing by UsersController#index as HTML
  Rendering users/index.html.erb within layouts/application
  [1m[36mUser Load (0.5ms)[0m  [1m[34mSELECT "users".* FROM "users"[0m
  Rendered users/index.html.erb within layouts/application (3.4ms)
Completed 200 OK in 29ms (Views: 25.4ms | ActiveRecord: 0.5ms)


Started GET "/reservations" for 127.0.0.1 at 2018-04-18 09:29:38 +1000
Processing by ReservationsController#index as HTML
  Rendering reservations/index.html.erb within layouts/application
  [1m[36mReservation Load (0.4ms)[0m  [1m[34mSELECT "reservations".* FROM "reservations"[0m
  Rendered reservations/index.html.erb within layouts/application (4.0ms)
Completed 200 OK in 36ms (Views: 26.3ms | ActiveRecord: 1.8ms)


Started GET "/reservations/new" for 127.0.0.1 at 2018-04-18 09:29:40 +1000
Processing by ReservationsController#new as HTML
  Rendering reservations/new.html.erb within layouts/application
  Rendered reservations/_form.html.erb (1.4ms)
  Rendered reservations/new.html.erb within layouts/application (3.4ms)
Completed 200 OK in 34ms (Views: 23.3ms | ActiveRecord: 4.8ms)


Started POST "/reservations" for 127.0.0.1 at 2018-04-18 09:29:48 +1000
Processing by ReservationsController#create as HTML
  Parameters: {"utf8"=>"✓", "authenticity_token"=>"/JGnwwLqOGyTk2CGsUilQhCVpgI2ijsyr6tjhzeQGCH6tjDAUqiMgVCL+cwdZAeO5Wt466w5h8mbg9D83Qs/Hg==", "commit"=>"Create Reservation"}
  [1m[35m (0.2ms)[0m  [1m[35mBEGIN[0m
  [1m[35m (0.2ms)[0m  [1m[31mROLLBACK[0m
  Rendering reservations/new.html.erb within layouts/application
  Rendered reservations/_form.html.erb (1.5ms)
  Rendered reservations/new.html.erb within layouts/application (3.5ms)
Completed 200 OK in 36ms (Views: 23.3ms | ActiveRecord: 0.4ms)


Started GET "/reservations" for 127.0.0.1 at 2018-04-18 09:29:53 +1000
Processing by ReservationsController#index as HTML
  Rendering reservations/index.html.erb within layouts/application
  [1m[36mReservation Load (0.4ms)[0m  [1m[34mSELECT "reservations".* FROM "reservations"[0m
  Rendered reservations/index.html.erb within layouts/application (2.5ms)
Completed 200 OK in 25ms (Views: 22.0ms | ActiveRecord: 0.4ms)


Started GET "/flights" for 127.0.0.1 at 2018-04-18 09:30:06 +1000
Processing by FlightsController#index as HTML
  Rendering flights/index.html.erb within layouts/application
  [1m[36mFlight Load (0.5ms)[0m  [1m[34mSELECT "flights".* FROM "flights"[0m
  Rendered flights/index.html.erb within layouts/application (4.2ms)
Completed 200 OK in 27ms (Views: 22.7ms | ActiveRecord: 2.0ms)


Started GET "/flights/new" for 127.0.0.1 at 2018-04-18 09:30:10 +1000
Processing by FlightsController#new as HTML
  Rendering flights/new.html.erb within layouts/application
  Rendered flights/_form.html.erb (17.9ms)
  Rendered flights/new.html.erb within layouts/application (20.1ms)
Completed 200 OK in 60ms (Views: 49.6ms | ActiveRecord: 2.5ms)


Started GET "/flights" for 127.0.0.1 at 2018-04-18 09:30:12 +1000
Processing by FlightsController#index as HTML
  Rendering flights/index.html.erb within layouts/application
  [1m[36mFlight Load (0.3ms)[0m  [1m[34mSELECT "flights".* FROM "flights"[0m
  Rendered flights/index.html.erb within layouts/application (2.0ms)
Completed 200 OK in 26ms (Views: 22.8ms | ActiveRecord: 0.3ms)


Started GET "/flights/new" for 127.0.0.1 at 2018-04-18 09:30:16 +1000
Processing by FlightsController#new as HTML
  Rendering flights/new.html.erb within layouts/application
  Rendered flights/_form.html.erb (3.4ms)
  Rendered flights/new.html.erb within layouts/application (5.5ms)
Completed 200 OK in 32ms (Views: 29.3ms | ActiveRecord: 0.0ms)


Started GET "/flights" for 127.0.0.1 at 2018-04-18 09:30:18 +1000
Processing by FlightsController#index as HTML
  Rendering flights/index.html.erb within layouts/application
  [1m[36mFlight Load (0.5ms)[0m  [1m[34mSELECT "flights".* FROM "flights"[0m
  Rendered flights/index.html.erb within layouts/application (2.2ms)
Completed 200 OK in 25ms (Views: 22.3ms | ActiveRecord: 0.5ms)


Started GET "/users/new" for 127.0.0.1 at 2018-04-18 09:30:39 +1000
Processing by UsersController#new as HTML
  Rendering users/new.html.erb within layouts/application
  Rendered users/_form.html.erb (9.0ms)
  Rendered users/new.html.erb within layouts/application (14.3ms)
Completed 200 OK in 131ms (Views: 128.0ms | ActiveRecord: 0.0ms)


Started GET "/users" for 127.0.0.1 at 2018-04-18 09:30:40 +1000
Processing by UsersController#index as HTML
  Rendering users/index.html.erb within layouts/application
  [1m[36mUser Load (0.5ms)[0m  [1m[34mSELECT "users".* FROM "users"[0m
  Rendered users/index.html.erb within layouts/application (3.2ms)
Completed 200 OK in 29ms (Views: 26.1ms | ActiveRecord: 0.5ms)


Started GET "/flights" for 127.0.0.1 at 2018-04-18 09:30:44 +1000
Processing by FlightsController#index as HTML
  Rendering flights/index.html.erb within layouts/application
  [1m[36mFlight Load (0.3ms)[0m  [1m[34mSELECT "flights".* FROM "flights"[0m
  Rendered flights/index.html.erb within layouts/application (2.1ms)
Completed 200 OK in 26ms (Views: 23.8ms | ActiveRecord: 0.3ms)


Started GET "/reservations" for 127.0.0.1 at 2018-04-18 09:31:07 +1000
Processing by ReservationsController#index as HTML
  Rendering reservations/index.html.erb within layouts/application
  [1m[36mReservation Load (0.3ms)[0m  [1m[34mSELECT "reservations".* FROM "reservations"[0m
  Rendered reservations/index.html.erb within layouts/application (2.4ms)
Completed 200 OK in 25ms (Views: 23.1ms | ActiveRecord: 0.3ms)


Started GET "/static/js/bundle.js" for 127.0.0.1 at 2018-04-18 09:55:49 +1000
  [1m[35m (0.7ms)[0m  [1m[34mSELECT "schema_migrations"."version" FROM "schema_migrations" ORDER BY "schema_migrations"."version" ASC[0m

ActionController::RoutingError (No route matches [GET] "/static/js/bundle.js"):

actionpack (5.1.6) lib/action_dispatch/middleware/debug_exceptions.rb:63:in `call'
web-console (3.6.0) lib/web_console/middleware.rb:137:in `call_app'
web-console (3.6.0) lib/web_console/middleware.rb:30:in `block in call'
web-console (3.6.0) lib/web_console/middleware.rb:20:in `catch'
web-console (3.6.0) lib/web_console/middleware.rb:20:in `call'
actionpack (5.1.6) lib/action_dispatch/middleware/show_exceptions.rb:31:in `call'
railties (5.1.6) lib/rails/rack/logger.rb:36:in `call_app'
railties (5.1.6) lib/rails/rack/logger.rb:24:in `block in call'
activesupport (5.1.6) lib/active_support/tagged_logging.rb:69:in `block in tagged'
activesupport (5.1.6) lib/active_support/tagged_logging.rb:26:in `tagged'
activesupport (5.1.6) lib/active_support/tagged_logging.rb:69:in `tagged'
railties (5.1.6) lib/rails/rack/logger.rb:24:in `call'
sprockets-rails (3.2.1) lib/sprockets/rails/quiet_assets.rb:13:in `call'
actionpack (5.1.6) lib/action_dispatch/middleware/remote_ip.rb:79:in `call'
actionpack (5.1.6) lib/action_dispatch/middleware/request_id.rb:25:in `call'
rack (2.0.4) lib/rack/method_override.rb:22:in `call'
rack (2.0.4) lib/rack/runtime.rb:22:in `call'
activesupport (5.1.6) lib/active_support/cache/strategy/local_cache_middleware.rb:27:in `call'
actionpack (5.1.6) lib/action_dispatch/middleware/executor.rb:12:in `call'
actionpack (5.1.6) lib/action_dispatch/middleware/static.rb:125:in `call'
rack (2.0.4) lib/rack/sendfile.rb:111:in `call'
railties (5.1.6) lib/rails/engine.rb:522:in `call'
puma (3.11.4) lib/puma/configuration.rb:225:in `call'
puma (3.11.4) lib/puma/server.rb:632:in `handle_request'
puma (3.11.4) lib/puma/server.rb:446:in `process_client'
puma (3.11.4) lib/puma/server.rb:306:in `block in run'
puma (3.11.4) lib/puma/thread_pool.rb:120:in `block in spawn_thread'
Started GET "/static/js/bundle.js" for 127.0.0.1 at 2018-04-18 09:55:53 +1000

ActionController::RoutingError (No route matches [GET] "/static/js/bundle.js"):

actionpack (5.1.6) lib/action_dispatch/middleware/debug_exceptions.rb:63:in `call'
web-console (3.6.0) lib/web_console/middleware.rb:137:in `call_app'
web-console (3.6.0) lib/web_console/middleware.rb:30:in `block in call'
web-console (3.6.0) lib/web_console/middleware.rb:20:in `catch'
web-console (3.6.0) lib/web_console/middleware.rb:20:in `call'
actionpack (5.1.6) lib/action_dispatch/middleware/show_exceptions.rb:31:in `call'
railties (5.1.6) lib/rails/rack/logger.rb:36:in `call_app'
railties (5.1.6) lib/rails/rack/logger.rb:24:in `block in call'
activesupport (5.1.6) lib/active_support/tagged_logging.rb:69:in `block in tagged'
activesupport (5.1.6) lib/active_support/tagged_logging.rb:26:in `tagged'
activesupport (5.1.6) lib/active_support/tagged_logging.rb:69:in `tagged'
railties (5.1.6) lib/rails/rack/logger.rb:24:in `call'
sprockets-rails (3.2.1) lib/sprockets/rails/quiet_assets.rb:13:in `call'
actionpack (5.1.6) lib/action_dispatch/middleware/remote_ip.rb:79:in `call'
actionpack (5.1.6) lib/action_dispatch/middleware/request_id.rb:25:in `call'
rack (2.0.4) lib/rack/method_override.rb:22:in `call'
rack (2.0.4) lib/rack/runtime.rb:22:in `call'
activesupport (5.1.6) lib/active_support/cache/strategy/local_cache_middleware.rb:27:in `call'
actionpack (5.1.6) lib/action_dispatch/middleware/executor.rb:12:in `call'
actionpack (5.1.6) lib/action_dispatch/middleware/static.rb:125:in `call'
rack (2.0.4) lib/rack/sendfile.rb:111:in `call'
railties (5.1.6) lib/rails/engine.rb:522:in `call'
puma (3.11.4) lib/puma/configuration.rb:225:in `call'
puma (3.11.4) lib/puma/server.rb:632:in `handle_request'
puma (3.11.4) lib/puma/server.rb:446:in `process_client'
puma (3.11.4) lib/puma/server.rb:306:in `block in run'
puma (3.11.4) lib/puma/thread_pool.rb:120:in `block in spawn_thread'
Started GET "/static/js/bundle.js" for 127.0.0.1 at 2018-04-18 09:55:57 +1000

ActionController::RoutingError (No route matches [GET] "/static/js/bundle.js"):

actionpack (5.1.6) lib/action_dispatch/middleware/debug_exceptions.rb:63:in `call'
web-console (3.6.0) lib/web_console/middleware.rb:137:in `call_app'
web-console (3.6.0) lib/web_console/middleware.rb:30:in `block in call'
web-console (3.6.0) lib/web_console/middleware.rb:20:in `catch'
web-console (3.6.0) lib/web_console/middleware.rb:20:in `call'
actionpack (5.1.6) lib/action_dispatch/middleware/show_exceptions.rb:31:in `call'
railties (5.1.6) lib/rails/rack/logger.rb:36:in `call_app'
railties (5.1.6) lib/rails/rack/logger.rb:24:in `block in call'
activesupport (5.1.6) lib/active_support/tagged_logging.rb:69:in `block in tagged'
activesupport (5.1.6) lib/active_support/tagged_logging.rb:26:in `tagged'
activesupport (5.1.6) lib/active_support/tagged_logging.rb:69:in `tagged'
railties (5.1.6) lib/rails/rack/logger.rb:24:in `call'
sprockets-rails (3.2.1) lib/sprockets/rails/quiet_assets.rb:13:in `call'
actionpack (5.1.6) lib/action_dispatch/middleware/remote_ip.rb:79:in `call'
actionpack (5.1.6) lib/action_dispatch/middleware/request_id.rb:25:in `call'
rack (2.0.4) lib/rack/method_override.rb:22:in `call'
rack (2.0.4) lib/rack/runtime.rb:22:in `call'
activesupport (5.1.6) lib/active_support/cache/strategy/local_cache_middleware.rb:27:in `call'
actionpack (5.1.6) lib/action_dispatch/middleware/executor.rb:12:in `call'
actionpack (5.1.6) lib/action_dispatch/middleware/static.rb:125:in `call'
rack (2.0.4) lib/rack/sendfile.rb:111:in `call'
railties (5.1.6) lib/rails/engine.rb:522:in `call'
puma (3.11.4) lib/puma/configuration.rb:225:in `call'
puma (3.11.4) lib/puma/server.rb:632:in `handle_request'
puma (3.11.4) lib/puma/server.rb:446:in `process_client'
puma (3.11.4) lib/puma/server.rb:306:in `block in run'
puma (3.11.4) lib/puma/thread_pool.rb:120:in `block in spawn_thread'
Started GET "/" for 127.0.0.1 at 2018-04-18 09:55:57 +1000
Processing by Rails::WelcomeController#index as HTML
  Rendering /Users/vule/.rvm/gems/ruby-2.4.1/gems/railties-5.1.6/lib/rails/templates/rails/welcome/index.html.erb
  Rendered /Users/vule/.rvm/gems/ruby-2.4.1/gems/railties-5.1.6/lib/rails/templates/rails/welcome/index.html.erb (2.1ms)
Completed 200 OK in 9ms (Views: 5.2ms | ActiveRecord: 0.0ms)
Started GET "/airplanes" for 127.0.0.1 at 2018-04-18 10:59:38 +1000
  [1m[35m (1.6ms)[0m  [1m[34mSELECT "schema_migrations"."version" FROM "schema_migrations" ORDER BY "schema_migrations"."version" ASC[0m
Processing by AirplanesController#index as HTML
  Rendering airplanes/index.html.erb within layouts/application
  [1m[36mAirplane Load (0.7ms)[0m  [1m[34mSELECT "airplanes".* FROM "airplanes"[0m
  Rendered airplanes/index.html.erb within layouts/application (25.5ms)
Completed 200 OK in 301ms (Views: 286.3ms | ActiveRecord: 6.1ms)


Started GET "/" for 127.0.0.1 at 2018-04-18 10:59:50 +1000
Processing by Rails::WelcomeController#index as HTML
  Rendering /Users/vule/.rvm/gems/ruby-2.4.1/gems/railties-5.1.6/lib/rails/templates/rails/welcome/index.html.erb
  Rendered /Users/vule/.rvm/gems/ruby-2.4.1/gems/railties-5.1.6/lib/rails/templates/rails/welcome/index.html.erb (2.2ms)
Completed 200 OK in 9ms (Views: 5.3ms | ActiveRecord: 0.0ms)


Started GET "/" for 127.0.0.1 at 2018-04-18 11:00:06 +1000
Processing by Rails::WelcomeController#index as HTML
  Rendering /Users/vule/.rvm/gems/ruby-2.4.1/gems/railties-5.1.6/lib/rails/templates/rails/welcome/index.html.erb
  Rendered /Users/vule/.rvm/gems/ruby-2.4.1/gems/railties-5.1.6/lib/rails/templates/rails/welcome/index.html.erb (2.8ms)
Completed 200 OK in 8ms (Views: 5.6ms | ActiveRecord: 0.0ms)


Started GET "/airplanes" for 127.0.0.1 at 2018-04-18 11:00:11 +1000
Processing by AirplanesController#index as HTML
  Rendering airplanes/index.html.erb within layouts/application
  [1m[36mAirplane Load (0.2ms)[0m  [1m[34mSELECT "airplanes".* FROM "airplanes"[0m
  Rendered airplanes/index.html.erb within layouts/application (2.7ms)
Completed 200 OK in 27ms (Views: 22.7ms | ActiveRecord: 0.2ms)


Started GET "/flights.json" for ::1 at 2018-04-18 16:02:30 +1000
  [1m[35m (1.3ms)[0m  [1m[34mSELECT "schema_migrations"."version" FROM "schema_migrations" ORDER BY "schema_migrations"."version" ASC[0m
Processing by FlightsController#index as JSON
  Rendering flights/index.json.jbuilder
  [1m[36mFlight Load (1.1ms)[0m  [1m[34mSELECT "flights".* FROM "flights"[0m
  Rendered flights/index.json.jbuilder (8.9ms)
Completed 200 OK in 32ms (Views: 15.4ms | ActiveRecord: 3.7ms)


Started GET "/flights.json" for ::1 at 2018-04-18 16:07:58 +1000
  [1m[35m (0.7ms)[0m  [1m[34mSELECT "schema_migrations"."version" FROM "schema_migrations" ORDER BY "schema_migrations"."version" ASC[0m
Processing by FlightsController#index as JSON
  Rendering flights/index.json.jbuilder
  [1m[36mFlight Load (0.5ms)[0m  [1m[34mSELECT "flights".* FROM "flights"[0m
  Rendered flights/index.json.jbuilder (6.8ms)
Completed 200 OK in 30ms (Views: 15.6ms | ActiveRecord: 2.2ms)


Started GET "/flights.json" for ::1 at 2018-04-18 16:08:47 +1000
Processing by FlightsController#index as JSON
  Rendering flights/index.json.jbuilder
  [1m[36mFlight Load (1.2ms)[0m  [1m[34mSELECT "flights".* FROM "flights"[0m
  Rendered flights/index.json.jbuilder (22.3ms)
Completed 200 OK in 33ms (Views: 16.9ms | ActiveRecord: 14.1ms)


Started GET "/flights.json" for ::1 at 2018-04-18 16:08:52 +1000
Processing by FlightsController#index as JSON
  Rendering flights/index.json.jbuilder
  [1m[36mFlight Load (0.3ms)[0m  [1m[34mSELECT "flights".* FROM "flights"[0m
  Rendered flights/index.json.jbuilder (1.8ms)
Completed 200 OK in 14ms (Views: 10.4ms | ActiveRecord: 0.3ms)


Started GET "/flights.json" for ::1 at 2018-04-18 16:08:58 +1000
Processing by FlightsController#index as JSON
  Rendering flights/index.json.jbuilder
  [1m[36mFlight Load (2.0ms)[0m  [1m[34mSELECT "flights".* FROM "flights"[0m
  Rendered flights/index.json.jbuilder (3.9ms)
Completed 200 OK in 15ms (Views: 10.4ms | ActiveRecord: 2.0ms)


Started GET "/flights.json" for ::1 at 2018-04-18 16:09:18 +1000
Processing by FlightsController#index as JSON
  Rendering flights/index.json.jbuilder
  [1m[36mFlight Load (0.3ms)[0m  [1m[34mSELECT "flights".* FROM "flights"[0m
  Rendered flights/index.json.jbuilder (1.5ms)
Completed 200 OK in 12ms (Views: 9.5ms | ActiveRecord: 0.3ms)


Started GET "/flights.json" for ::1 at 2018-04-18 16:09:19 +1000
Processing by FlightsController#index as JSON
  Rendering flights/index.json.jbuilder
  [1m[36mFlight Load (0.5ms)[0m  [1m[34mSELECT "flights".* FROM "flights"[0m
  Rendered flights/index.json.jbuilder (1.4ms)
Completed 200 OK in 14ms (Views: 10.7ms | ActiveRecord: 0.5ms)


Started GET "/flights.json" for ::1 at 2018-04-18 16:10:47 +1000
Processing by FlightsController#index as JSON
  Rendering flights/index.json.jbuilder
  [1m[36mFlight Load (0.3ms)[0m  [1m[34mSELECT "flights".* FROM "flights"[0m
  Rendered flights/index.json.jbuilder (1.5ms)
Completed 200 OK in 13ms (Views: 9.7ms | ActiveRecord: 0.3ms)


Started GET "/flights.json" for ::1 at 2018-04-18 16:10:49 +1000
Processing by FlightsController#index as JSON
  Rendering flights/index.json.jbuilder
  [1m[36mFlight Load (0.8ms)[0m  [1m[34mSELECT "flights".* FROM "flights"[0m
  Rendered flights/index.json.jbuilder (3.4ms)
Completed 200 OK in 18ms (Views: 14.3ms | ActiveRecord: 0.8ms)


Started GET "/flights.json" for ::1 at 2018-04-18 16:40:15 +1000
  [1m[35m (1.3ms)[0m  [1m[34mSELECT "schema_migrations"."version" FROM "schema_migrations" ORDER BY "schema_migrations"."version" ASC[0m
Processing by FlightsController#index as JSON
  Rendering flights/index.json.jbuilder
  [1m[36mFlight Load (0.5ms)[0m  [1m[34mSELECT "flights".* FROM "flights"[0m
  Rendered flights/index.json.jbuilder (7.3ms)
Completed 200 OK in 28ms (Views: 13.8ms | ActiveRecord: 2.7ms)


Started GET "/flights.json" for ::1 at 2018-04-18 16:46:02 +1000
Processing by FlightsController#index as JSON
  Rendering flights/index.json.jbuilder
  [1m[36mFlight Load (0.7ms)[0m  [1m[34mSELECT "flights".* FROM "flights"[0m
  Rendered flights/index.json.jbuilder (33.8ms)
Completed 200 OK in 58ms (Views: 35.9ms | ActiveRecord: 10.2ms)


Started GET "/flights.json" for ::1 at 2018-04-18 16:46:15 +1000
Processing by FlightsController#index as JSON
  Rendering flights/index.json.jbuilder
  [1m[36mFlight Load (1.4ms)[0m  [1m[34mSELECT "flights".* FROM "flights"[0m
  Rendered flights/index.json.jbuilder (5.6ms)
Completed 200 OK in 28ms (Views: 23.6ms | ActiveRecord: 1.4ms)


Started GET "/flights.json" for ::1 at 2018-04-18 16:48:01 +1000
Processing by FlightsController#index as JSON
  Rendering flights/index.json.jbuilder
  [1m[36mFlight Load (0.3ms)[0m  [1m[34mSELECT "flights".* FROM "flights"[0m
  Rendered flights/index.json.jbuilder (1.8ms)
Completed 200 OK in 15ms (Views: 10.3ms | ActiveRecord: 0.3ms)


Started GET "/flights.json" for ::1 at 2018-04-18 16:48:32 +1000
Processing by FlightsController#index as JSON
  Rendering flights/index.json.jbuilder
  [1m[36mFlight Load (0.4ms)[0m  [1m[34mSELECT "flights".* FROM "flights"[0m
  Rendered flights/index.json.jbuilder (3.1ms)
Completed 200 OK in 14ms (Views: 11.2ms | ActiveRecord: 0.4ms)


Started GET "/flights.json" for ::1 at 2018-04-18 16:48:51 +1000
Processing by FlightsController#index as JSON
  Rendering flights/index.json.jbuilder
  [1m[36mFlight Load (1.0ms)[0m  [1m[34mSELECT "flights".* FROM "flights"[0m
  Rendered flights/index.json.jbuilder (2.3ms)
Completed 200 OK in 14ms (Views: 10.2ms | ActiveRecord: 1.0ms)


Started GET "/flights.json" for ::1 at 2018-04-18 16:48:55 +1000
Processing by FlightsController#index as JSON
  Rendering flights/index.json.jbuilder
  [1m[36mFlight Load (0.3ms)[0m  [1m[34mSELECT "flights".* FROM "flights"[0m
  Rendered flights/index.json.jbuilder (2.1ms)
Completed 200 OK in 14ms (Views: 11.1ms | ActiveRecord: 0.3ms)


Started GET "/flights.json" for ::1 at 2018-04-18 16:49:04 +1000
Processing by FlightsController#index as JSON
  Rendering flights/index.json.jbuilder
  [1m[36mFlight Load (0.8ms)[0m  [1m[34mSELECT "flights".* FROM "flights"[0m
  Rendered flights/index.json.jbuilder (2.7ms)
Completed 200 OK in 16ms (Views: 12.0ms | ActiveRecord: 0.8ms)


Started GET "/flights.json" for ::1 at 2018-04-18 16:52:05 +1000
Processing by FlightsController#index as JSON
  Rendering flights/index.json.jbuilder
  [1m[36mFlight Load (0.6ms)[0m  [1m[34mSELECT "flights".* FROM "flights"[0m
  Rendered flights/index.json.jbuilder (2.4ms)
Completed 200 OK in 16ms (Views: 10.4ms | ActiveRecord: 0.6ms)


Started GET "/flights.json" for ::1 at 2018-04-18 16:53:00 +1000
Processing by FlightsController#index as JSON
  Rendering flights/index.json.jbuilder
  [1m[36mFlight Load (0.5ms)[0m  [1m[34mSELECT "flights".* FROM "flights"[0m
  Rendered flights/index.json.jbuilder (2.2ms)
Completed 200 OK in 14ms (Views: 10.6ms | ActiveRecord: 0.5ms)
Started GET "/" for ::1 at 2018-04-19 09:34:32 +1000
  [1m[35m (0.9ms)[0m  [1m[34mSELECT "schema_migrations"."version" FROM "schema_migrations" ORDER BY "schema_migrations"."version" ASC[0m
Processing by PagesController#home as HTML
  Rendering pages/home.html.erb within layouts/application
  Rendered pages/home.html.erb within layouts/application (0.7ms)
Completed 200 OK in 195ms (Views: 193.8ms | ActiveRecord: 0.0ms)


Started GET "/airplanes" for ::1 at 2018-04-19 09:45:02 +1000
Processing by AirplanesController#index as HTML
  Rendering airplanes/index.html.erb within layouts/application
  [1m[36mAirplane Load (1.4ms)[0m  [1m[34mSELECT "airplanes".* FROM "airplanes"[0m
  Rendered airplanes/index.html.erb within layouts/application (22.4ms)
Completed 200 OK in 55ms (Views: 35.1ms | ActiveRecord: 11.0ms)


Started GET "/airplanes.json" for ::1 at 2018-04-19 09:45:06 +1000
Processing by AirplanesController#index as JSON
  Rendering airplanes/index.json.jbuilder
  [1m[36mAirplane Load (0.3ms)[0m  [1m[34mSELECT "airplanes".* FROM "airplanes"[0m
  Rendered airplanes/_airplane.json.jbuilder (0.7ms)
  Rendered airplanes/_airplane.json.jbuilder (0.2ms)
  Rendered airplanes/_airplane.json.jbuilder (0.2ms)
  Rendered airplanes/_airplane.json.jbuilder (0.2ms)
  Rendered airplanes/_airplane.json.jbuilder (0.2ms)
  Rendered airplanes/index.json.jbuilder (8.6ms)
Completed 200 OK in 15ms (Views: 12.9ms | ActiveRecord: 0.3ms)


Started GET "/airplanes.json" for ::1 at 2018-04-19 09:59:58 +1000
Processing by AirplanesController#index as JSON
  Rendering airplanes/index.json.jbuilder
  [1m[36mAirplane Load (0.3ms)[0m  [1m[34mSELECT "airplanes".* FROM "airplanes"[0m
  Rendered airplanes/_airplane.json.jbuilder (0.8ms)
  Rendered airplanes/_airplane.json.jbuilder (0.4ms)
  Rendered airplanes/_airplane.json.jbuilder (0.4ms)
  Rendered airplanes/_airplane.json.jbuilder (0.3ms)
  Rendered airplanes/_airplane.json.jbuilder (0.3ms)
  Rendered airplanes/index.json.jbuilder (8.6ms)
Completed 200 OK in 16ms (Views: 14.0ms | ActiveRecord: 0.3ms)


Started GET "/airplanes.json" for ::1 at 2018-04-19 10:01:06 +1000
Processing by AirplanesController#index as JSON
  Rendering airplanes/index.json.jbuilder
  [1m[36mAirplane Load (0.5ms)[0m  [1m[34mSELECT "airplanes".* FROM "airplanes"[0m
  Rendered airplanes/_airplane.json.jbuilder (0.8ms)
  Rendered airplanes/_airplane.json.jbuilder (0.2ms)
  Rendered airplanes/_airplane.json.jbuilder (0.3ms)
  Rendered airplanes/_airplane.json.jbuilder (0.2ms)
  Rendered airplanes/_airplane.json.jbuilder (0.2ms)
  Rendered airplanes/index.json.jbuilder (22.4ms)
Completed 200 OK in 34ms (Views: 22.5ms | ActiveRecord: 6.7ms)


Started GET "/airplanes" for ::1 at 2018-04-19 10:02:20 +1000
Processing by AirplanesController#index as HTML
  Rendering airplanes/index.html.erb within layouts/application
  [1m[36mAirplane Load (0.4ms)[0m  [1m[34mSELECT "airplanes".* FROM "airplanes"[0m
  Rendered airplanes/index.html.erb within layouts/application (4.3ms)
Completed 200 OK in 45ms (Views: 43.1ms | ActiveRecord: 0.4ms)


Started GET "/airplanes" for ::1 at 2018-04-19 10:02:37 +1000
Processing by AirplanesController#index as HTML
  Rendering airplanes/index.html.erb within layouts/application
  [1m[36mAirplane Load (0.4ms)[0m  [1m[34mSELECT "airplanes".* FROM "airplanes"[0m
  Rendered airplanes/index.html.erb within layouts/application (3.3ms)
Completed 200 OK in 30ms (Views: 27.7ms | ActiveRecord: 0.4ms)


Started GET "/airplanes" for ::1 at 2018-04-19 10:04:46 +1000
Processing by AirplanesController#index as HTML
  Rendering airplanes/index.html.erb within layouts/application
  [1m[36mAirplane Load (0.4ms)[0m  [1m[34mSELECT "airplanes".* FROM "airplanes"[0m
  Rendered airplanes/index.html.erb within layouts/application (3.9ms)
Completed 200 OK in 48ms (Views: 44.9ms | ActiveRecord: 0.4ms)


Started GET "/airplanes" for ::1 at 2018-04-19 10:07:50 +1000
Processing by AirplanesController#index as HTML
  Rendering airplanes/index.html.erb within layouts/application
  [1m[36mAirplane Load (0.3ms)[0m  [1m[34mSELECT "airplanes".* FROM "airplanes"[0m
  Rendered airplanes/index.html.erb within layouts/application (2.8ms)
Completed 200 OK in 34ms (Views: 31.6ms | ActiveRecord: 0.3ms)


Started GET "/airplanes" for ::1 at 2018-04-19 10:08:53 +1000
Processing by AirplanesController#index as HTML
  Rendering airplanes/index.html.erb within layouts/application
  [1m[36mAirplane Load (0.5ms)[0m  [1m[34mSELECT "airplanes".* FROM "airplanes"[0m
  Rendered airplanes/index.html.erb within layouts/application (3.5ms)
Completed 200 OK in 33ms (Views: 30.6ms | ActiveRecord: 0.5ms)


Started GET "/airplanes" for ::1 at 2018-04-19 10:10:27 +1000
Processing by AirplanesController#index as HTML
  Rendering airplanes/index.html.erb within layouts/application
  [1m[36mAirplane Load (0.4ms)[0m  [1m[34mSELECT "airplanes".* FROM "airplanes"[0m
  Rendered airplanes/index.html.erb within layouts/application (3.9ms)
Completed 200 OK in 50ms (Views: 47.5ms | ActiveRecord: 0.4ms)


Started GET "/airplanes" for ::1 at 2018-04-19 10:11:59 +1000
Processing by AirplanesController#index as HTML
  Rendering airplanes/index.html.erb within layouts/application
  [1m[36mAirplane Load (0.3ms)[0m  [1m[34mSELECT "airplanes".* FROM "airplanes"[0m
  Rendered airplanes/index.html.erb within layouts/application (2.8ms)
Completed 200 OK in 34ms (Views: 32.1ms | ActiveRecord: 0.3ms)


Started GET "/airplanes" for ::1 at 2018-04-19 10:17:10 +1000
Processing by AirplanesController#index as HTML
  Rendering airplanes/index.html.erb within layouts/application
  [1m[36mAirplane Load (0.3ms)[0m  [1m[34mSELECT "airplanes".* FROM "airplanes"[0m
  Rendered airplanes/index.html.erb within layouts/application (3.0ms)
Completed 200 OK in 28ms (Views: 25.9ms | ActiveRecord: 0.3ms)


Started GET "/airplanes.json" for ::1 at 2018-04-19 10:17:26 +1000
Processing by AirplanesController#index as JSON
  Rendering airplanes/index.json.jbuilder
  [1m[36mAirplane Load (0.3ms)[0m  [1m[34mSELECT "airplanes".* FROM "airplanes"[0m
  Rendered airplanes/_airplane.json.jbuilder (0.9ms)
  Rendered airplanes/_airplane.json.jbuilder (0.3ms)
  Rendered airplanes/_airplane.json.jbuilder (0.3ms)
  Rendered airplanes/_airplane.json.jbuilder (0.3ms)
  Rendered airplanes/_airplane.json.jbuilder (0.3ms)
  Rendered airplanes/index.json.jbuilder (8.8ms)
Completed 200 OK in 16ms (Views: 13.7ms | ActiveRecord: 0.3ms)


Started GET "/" for ::1 at 2018-04-19 10:19:17 +1000
Processing by PagesController#home as HTML
  Rendering pages/home.html.erb within layouts/application
  Rendered pages/home.html.erb within layouts/application (0.4ms)
Completed 200 OK in 23ms (Views: 21.3ms | ActiveRecord: 0.0ms)


Started GET "/flights" for ::1 at 2018-04-19 10:19:20 +1000
Processing by FlightsController#index as HTML
  Rendering flights/index.html.erb within layouts/application
  [1m[36mFlight Load (0.5ms)[0m  [1m[34mSELECT "flights".* FROM "flights"[0m
  Rendered flights/index.html.erb within layouts/application (5.7ms)
Completed 200 OK in 33ms (Views: 22.6ms | ActiveRecord: 3.0ms)


Started GET "/airplanes.json" for ::1 at 2018-04-19 10:22:18 +1000
Processing by AirplanesController#index as JSON
  Rendering airplanes/index.json.jbuilder
  [1m[36mAirplane Load (0.3ms)[0m  [1m[34mSELECT "airplanes".* FROM "airplanes"[0m
  Rendered airplanes/_airplane.json.jbuilder (0.8ms)
  Rendered airplanes/_airplane.json.jbuilder (0.2ms)
  Rendered airplanes/_airplane.json.jbuilder (0.3ms)
  Rendered airplanes/_airplane.json.jbuilder (0.3ms)
  Rendered airplanes/_airplane.json.jbuilder (0.4ms)
  Rendered airplanes/index.json.jbuilder (7.7ms)
Completed 200 OK in 14ms (Views: 12.2ms | ActiveRecord: 0.3ms)


Started GET "/airplanes.json" for ::1 at 2018-04-19 10:24:53 +1000
Processing by AirplanesController#index as JSON
  Rendering airplanes/index.json.jbuilder
  [1m[36mAirplane Load (0.3ms)[0m  [1m[34mSELECT "airplanes".* FROM "airplanes"[0m
  Rendered airplanes/_airplane.json.jbuilder (0.6ms)
  Rendered airplanes/_airplane.json.jbuilder (0.3ms)
  Rendered airplanes/_airplane.json.jbuilder (0.5ms)
  Rendered airplanes/_airplane.json.jbuilder (0.3ms)
  Rendered airplanes/_airplane.json.jbuilder (0.3ms)
  Rendered airplanes/index.json.jbuilder (7.8ms)
Completed 200 OK in 14ms (Views: 12.2ms | ActiveRecord: 0.3ms)


Started GET "/airplanes.json" for ::1 at 2018-04-19 10:26:13 +1000
Processing by AirplanesController#index as JSON
  Rendering airplanes/index.json.jbuilder
  [1m[36mAirplane Load (0.3ms)[0m  [1m[34mSELECT "airplanes".* FROM "airplanes"[0m
  Rendered airplanes/_airplane.json.jbuilder (0.6ms)
  Rendered airplanes/_airplane.json.jbuilder (0.2ms)
  Rendered airplanes/_airplane.json.jbuilder (0.2ms)
  Rendered airplanes/_airplane.json.jbuilder (0.2ms)
  Rendered airplanes/_airplane.json.jbuilder (0.2ms)
  Rendered airplanes/index.json.jbuilder (6.2ms)
Completed 200 OK in 12ms (Views: 10.5ms | ActiveRecord: 0.3ms)


Started GET "/airplanes.json" for ::1 at 2018-04-19 10:27:43 +1000
Processing by AirplanesController#index as JSON
  Rendering airplanes/index.json.jbuilder
  [1m[36mAirplane Load (0.3ms)[0m  [1m[34mSELECT "airplanes".* FROM "airplanes"[0m
  Rendered airplanes/_airplane.json.jbuilder (0.8ms)
  Rendered airplanes/_airplane.json.jbuilder (0.2ms)
  Rendered airplanes/_airplane.json.jbuilder (0.2ms)
  Rendered airplanes/_airplane.json.jbuilder (0.3ms)
  Rendered airplanes/_airplane.json.jbuilder (0.2ms)
  Rendered airplanes/index.json.jbuilder (7.3ms)
Completed 200 OK in 15ms (Views: 12.9ms | ActiveRecord: 0.3ms)


Started GET "/airplanes.json" for ::1 at 2018-04-19 10:27:58 +1000
Processing by AirplanesController#index as JSON
  Rendering airplanes/index.json.jbuilder
  [1m[36mAirplane Load (0.3ms)[0m  [1m[34mSELECT "airplanes".* FROM "airplanes"[0m
  Rendered airplanes/_airplane.json.jbuilder (0.6ms)
  Rendered airplanes/_airplane.json.jbuilder (0.2ms)
  Rendered airplanes/_airplane.json.jbuilder (0.3ms)
  Rendered airplanes/_airplane.json.jbuilder (0.3ms)
  Rendered airplanes/_airplane.json.jbuilder (0.3ms)
  Rendered airplanes/index.json.jbuilder (7.6ms)
Completed 200 OK in 15ms (Views: 12.8ms | ActiveRecord: 0.3ms)


Started GET "/airplanes.json" for ::1 at 2018-04-19 10:28:49 +1000
Processing by AirplanesController#index as JSON
  Rendering airplanes/index.json.jbuilder
  [1m[36mAirplane Load (0.3ms)[0m  [1m[34mSELECT "airplanes".* FROM "airplanes"[0m
  Rendered airplanes/_airplane.json.jbuilder (0.6ms)
  Rendered airplanes/_airplane.json.jbuilder (0.2ms)
  Rendered airplanes/_airplane.json.jbuilder (0.2ms)
  Rendered airplanes/_airplane.json.jbuilder (0.2ms)
  Rendered airplanes/_airplane.json.jbuilder (0.3ms)
  Rendered airplanes/index.json.jbuilder (6.4ms)
Completed 200 OK in 14ms (Views: 11.8ms | ActiveRecord: 0.3ms)


Started GET "/airplanes.json" for ::1 at 2018-04-19 10:34:28 +1000
Processing by AirplanesController#index as JSON
  Rendering airplanes/index.json.jbuilder
  [1m[36mAirplane Load (0.3ms)[0m  [1m[34mSELECT "airplanes".* FROM "airplanes"[0m
  Rendered airplanes/_airplane.json.jbuilder (0.8ms)
  Rendered airplanes/_airplane.json.jbuilder (0.3ms)
  Rendered airplanes/_airplane.json.jbuilder (0.3ms)
  Rendered airplanes/_airplane.json.jbuilder (0.3ms)
  Rendered airplanes/_airplane.json.jbuilder (0.3ms)
  Rendered airplanes/index.json.jbuilder (8.3ms)
Completed 200 OK in 14ms (Views: 12.7ms | ActiveRecord: 0.3ms)


Started GET "/airplanes.json" for ::1 at 2018-04-19 10:36:23 +1000
Processing by AirplanesController#index as JSON
  Rendering airplanes/index.json.jbuilder
  [1m[36mAirplane Load (0.3ms)[0m  [1m[34mSELECT "airplanes".* FROM "airplanes"[0m
  Rendered airplanes/_airplane.json.jbuilder (0.5ms)
  Rendered airplanes/_airplane.json.jbuilder (0.2ms)
  Rendered airplanes/_airplane.json.jbuilder (0.2ms)
  Rendered airplanes/_airplane.json.jbuilder (0.2ms)
  Rendered airplanes/_airplane.json.jbuilder (0.2ms)
  Rendered airplanes/index.json.jbuilder (5.9ms)
Completed 200 OK in 12ms (Views: 10.4ms | ActiveRecord: 0.3ms)


Started GET "/airplanes.json" for ::1 at 2018-04-19 10:36:41 +1000
Processing by AirplanesController#index as JSON
  Rendering airplanes/index.json.jbuilder
  [1m[36mAirplane Load (0.3ms)[0m  [1m[34mSELECT "airplanes".* FROM "airplanes"[0m
  Rendered airplanes/_airplane.json.jbuilder (0.6ms)
  Rendered airplanes/_airplane.json.jbuilder (7.5ms)
  Rendered airplanes/_airplane.json.jbuilder (0.6ms)
  Rendered airplanes/_airplane.json.jbuilder (0.5ms)
  Rendered airplanes/_airplane.json.jbuilder (0.5ms)
  Rendered airplanes/index.json.jbuilder (16.7ms)
Completed 200 OK in 23ms (Views: 21.1ms | ActiveRecord: 0.3ms)


Started GET "/airplanes.json" for ::1 at 2018-04-19 10:38:28 +1000
Processing by AirplanesController#index as JSON
  Rendering airplanes/index.json.jbuilder
  [1m[36mAirplane Load (0.4ms)[0m  [1m[34mSELECT "airplanes".* FROM "airplanes"[0m
  Rendered airplanes/_airplane.json.jbuilder (0.8ms)
  Rendered airplanes/_airplane.json.jbuilder (0.4ms)
  Rendered airplanes/_airplane.json.jbuilder (0.3ms)
  Rendered airplanes/_airplane.json.jbuilder (0.2ms)
  Rendered airplanes/_airplane.json.jbuilder (0.2ms)
  Rendered airplanes/index.json.jbuilder (7.5ms)
Completed 200 OK in 16ms (Views: 13.1ms | ActiveRecord: 0.4ms)


Started GET "/airplanes.json" for ::1 at 2018-04-19 10:40:17 +1000
Processing by AirplanesController#index as JSON
  Rendering airplanes/index.json.jbuilder
  [1m[36mAirplane Load (0.4ms)[0m  [1m[34mSELECT "airplanes".* FROM "airplanes"[0m
  Rendered airplanes/_airplane.json.jbuilder (0.8ms)
  Rendered airplanes/_airplane.json.jbuilder (0.3ms)
  Rendered airplanes/_airplane.json.jbuilder (0.4ms)
  Rendered airplanes/_airplane.json.jbuilder (0.4ms)
  Rendered airplanes/_airplane.json.jbuilder (0.4ms)
  Rendered airplanes/index.json.jbuilder (9.3ms)
Completed 200 OK in 18ms (Views: 15.1ms | ActiveRecord: 0.4ms)


Started GET "/airplanes.json" for ::1 at 2018-04-19 10:40:26 +1000
Processing by AirplanesController#index as JSON
  Rendering airplanes/index.json.jbuilder
  [1m[36mAirplane Load (0.4ms)[0m  [1m[34mSELECT "airplanes".* FROM "airplanes"[0m
  Rendered airplanes/_airplane.json.jbuilder (0.8ms)
  Rendered airplanes/_airplane.json.jbuilder (0.3ms)
  Rendered airplanes/_airplane.json.jbuilder (0.2ms)
  Rendered airplanes/_airplane.json.jbuilder (0.3ms)
  Rendered airplanes/_airplane.json.jbuilder (0.4ms)
  Rendered airplanes/index.json.jbuilder (8.7ms)
Completed 200 OK in 17ms (Views: 14.4ms | ActiveRecord: 0.4ms)


Started GET "/airplanes.json" for ::1 at 2018-04-19 10:47:13 +1000
Processing by AirplanesController#index as JSON
  Rendering airplanes/index.json.jbuilder
  [1m[36mAirplane Load (0.3ms)[0m  [1m[34mSELECT "airplanes".* FROM "airplanes"[0m
  Rendered airplanes/_airplane.json.jbuilder (0.7ms)
  Rendered airplanes/_airplane.json.jbuilder (0.2ms)
  Rendered airplanes/_airplane.json.jbuilder (0.2ms)
  Rendered airplanes/_airplane.json.jbuilder (0.2ms)
  Rendered airplanes/_airplane.json.jbuilder (0.2ms)
  Rendered airplanes/index.json.jbuilder (6.1ms)
Completed 200 OK in 13ms (Views: 10.8ms | ActiveRecord: 0.3ms)


Started GET "/airplanes.json" for ::1 at 2018-04-19 10:48:00 +1000
Processing by AirplanesController#index as JSON
  Rendering airplanes/index.json.jbuilder
  [1m[36mAirplane Load (0.3ms)[0m  [1m[34mSELECT "airplanes".* FROM "airplanes"[0m
  Rendered airplanes/_airplane.json.jbuilder (0.6ms)
  Rendered airplanes/_airplane.json.jbuilder (0.2ms)
  Rendered airplanes/_airplane.json.jbuilder (0.3ms)
  Rendered airplanes/_airplane.json.jbuilder (0.4ms)
  Rendered airplanes/_airplane.json.jbuilder (0.5ms)
  Rendered airplanes/index.json.jbuilder (7.8ms)
Completed 200 OK in 14ms (Views: 12.2ms | ActiveRecord: 0.3ms)


Started GET "/airplanes.json" for ::1 at 2018-04-19 10:49:57 +1000
Processing by AirplanesController#index as JSON
  Rendering airplanes/index.json.jbuilder
  [1m[36mAirplane Load (0.4ms)[0m  [1m[34mSELECT "airplanes".* FROM "airplanes"[0m
  Rendered airplanes/_airplane.json.jbuilder (0.9ms)
  Rendered airplanes/_airplane.json.jbuilder (0.4ms)
  Rendered airplanes/_airplane.json.jbuilder (0.3ms)
  Rendered airplanes/_airplane.json.jbuilder (0.2ms)
  Rendered airplanes/_airplane.json.jbuilder (0.3ms)
  Rendered airplanes/index.json.jbuilder (8.6ms)
Completed 200 OK in 18ms (Views: 15.5ms | ActiveRecord: 0.4ms)


Started GET "/airplanes.json" for ::1 at 2018-04-19 10:50:47 +1000
Processing by AirplanesController#index as JSON
  Rendering airplanes/index.json.jbuilder
  [1m[36mAirplane Load (0.4ms)[0m  [1m[34mSELECT "airplanes".* FROM "airplanes"[0m
  Rendered airplanes/_airplane.json.jbuilder (0.9ms)
  Rendered airplanes/_airplane.json.jbuilder (0.3ms)
  Rendered airplanes/_airplane.json.jbuilder (0.3ms)
  Rendered airplanes/_airplane.json.jbuilder (0.4ms)
  Rendered airplanes/_airplane.json.jbuilder (0.2ms)
  Rendered airplanes/index.json.jbuilder (8.8ms)
Completed 200 OK in 17ms (Views: 14.2ms | ActiveRecord: 0.4ms)


Started GET "/airplanes.json" for ::1 at 2018-04-19 10:51:17 +1000
Processing by AirplanesController#index as JSON
  Rendering airplanes/index.json.jbuilder
  [1m[36mAirplane Load (0.3ms)[0m  [1m[34mSELECT "airplanes".* FROM "airplanes"[0m
  Rendered airplanes/_airplane.json.jbuilder (0.6ms)
  Rendered airplanes/_airplane.json.jbuilder (0.2ms)
  Rendered airplanes/_airplane.json.jbuilder (0.2ms)
  Rendered airplanes/_airplane.json.jbuilder (0.4ms)
  Rendered airplanes/_airplane.json.jbuilder (0.4ms)
  Rendered airplanes/index.json.jbuilder (7.8ms)
Completed 200 OK in 15ms (Views: 12.8ms | ActiveRecord: 0.3ms)


Started GET "/airplanes.json" for ::1 at 2018-04-19 10:51:36 +1000
Processing by AirplanesController#index as JSON
  Rendering airplanes/index.json.jbuilder
  [1m[36mAirplane Load (0.3ms)[0m  [1m[34mSELECT "airplanes".* FROM "airplanes"[0m
  Rendered airplanes/_airplane.json.jbuilder (0.7ms)
  Rendered airplanes/_airplane.json.jbuilder (0.4ms)
  Rendered airplanes/_airplane.json.jbuilder (0.3ms)
  Rendered airplanes/_airplane.json.jbuilder (0.2ms)
  Rendered airplanes/_airplane.json.jbuilder (0.3ms)
  Rendered airplanes/index.json.jbuilder (8.0ms)
Completed 200 OK in 14ms (Views: 12.6ms | ActiveRecord: 0.3ms)


Started GET "/airplanes.json" for ::1 at 2018-04-19 10:55:00 +1000
Processing by AirplanesController#index as JSON
  Rendering airplanes/index.json.jbuilder
  [1m[36mAirplane Load (0.3ms)[0m  [1m[34mSELECT "airplanes".* FROM "airplanes"[0m
  Rendered airplanes/_airplane.json.jbuilder (0.7ms)
  Rendered airplanes/_airplane.json.jbuilder (0.2ms)
  Rendered airplanes/_airplane.json.jbuilder (0.2ms)
  Rendered airplanes/_airplane.json.jbuilder (0.3ms)
  Rendered airplanes/_airplane.json.jbuilder (0.3ms)
  Rendered airplanes/index.json.jbuilder (7.2ms)
Completed 200 OK in 13ms (Views: 11.5ms | ActiveRecord: 0.3ms)


Started GET "/airplanes.json" for ::1 at 2018-04-19 10:56:13 +1000
Processing by AirplanesController#index as JSON
  Rendering airplanes/index.json.jbuilder
  [1m[36mAirplane Load (0.3ms)[0m  [1m[34mSELECT "airplanes".* FROM "airplanes"[0m
  Rendered airplanes/_airplane.json.jbuilder (0.6ms)
  Rendered airplanes/_airplane.json.jbuilder (0.2ms)
  Rendered airplanes/_airplane.json.jbuilder (0.4ms)
  Rendered airplanes/_airplane.json.jbuilder (0.3ms)
  Rendered airplanes/_airplane.json.jbuilder (0.3ms)
  Rendered airplanes/index.json.jbuilder (7.5ms)
Completed 200 OK in 14ms (Views: 11.8ms | ActiveRecord: 0.3ms)


Started GET "/airplanes.json" for ::1 at 2018-04-19 10:56:21 +1000
Processing by AirplanesController#index as JSON
  Rendering airplanes/index.json.jbuilder
  [1m[36mAirplane Load (0.4ms)[0m  [1m[34mSELECT "airplanes".* FROM "airplanes"[0m
  Rendered airplanes/_airplane.json.jbuilder (0.6ms)
  Rendered airplanes/_airplane.json.jbuilder (0.4ms)
  Rendered airplanes/_airplane.json.jbuilder (0.4ms)
  Rendered airplanes/_airplane.json.jbuilder (0.3ms)
  Rendered airplanes/_airplane.json.jbuilder (0.3ms)
  Rendered airplanes/index.json.jbuilder (8.3ms)
Completed 200 OK in 15ms (Views: 13.1ms | ActiveRecord: 0.4ms)


Started GET "/airplanes.json" for ::1 at 2018-04-19 11:02:24 +1000
Processing by AirplanesController#index as JSON
  Rendering airplanes/index.json.jbuilder
  [1m[36mAirplane Load (0.3ms)[0m  [1m[34mSELECT "airplanes".* FROM "airplanes"[0m
  Rendered airplanes/_airplane.json.jbuilder (0.6ms)
  Rendered airplanes/_airplane.json.jbuilder (0.2ms)
  Rendered airplanes/_airplane.json.jbuilder (0.2ms)
  Rendered airplanes/_airplane.json.jbuilder (0.2ms)
  Rendered airplanes/_airplane.json.jbuilder (0.3ms)
  Rendered airplanes/index.json.jbuilder (6.8ms)
Completed 200 OK in 13ms (Views: 11.2ms | ActiveRecord: 0.3ms)


Started GET "/airplanes.json" for ::1 at 2018-04-19 11:02:56 +1000
Processing by AirplanesController#index as JSON
  Rendering airplanes/index.json.jbuilder
  [1m[36mAirplane Load (0.3ms)[0m  [1m[34mSELECT "airplanes".* FROM "airplanes"[0m
  Rendered airplanes/_airplane.json.jbuilder (0.6ms)
  Rendered airplanes/_airplane.json.jbuilder (0.2ms)
  Rendered airplanes/_airplane.json.jbuilder (0.2ms)
  Rendered airplanes/_airplane.json.jbuilder (0.3ms)
  Rendered airplanes/_airplane.json.jbuilder (0.3ms)
  Rendered airplanes/index.json.jbuilder (6.4ms)
Completed 200 OK in 13ms (Views: 10.9ms | ActiveRecord: 0.3ms)


Started GET "/airplanes.json" for ::1 at 2018-04-19 11:04:29 +1000
Processing by AirplanesController#index as JSON
  Rendering airplanes/index.json.jbuilder
  [1m[36mAirplane Load (0.4ms)[0m  [1m[34mSELECT "airplanes".* FROM "airplanes"[0m
  Rendered airplanes/_airplane.json.jbuilder (0.9ms)
  Rendered airplanes/_airplane.json.jbuilder (0.4ms)
  Rendered airplanes/_airplane.json.jbuilder (0.4ms)
  Rendered airplanes/_airplane.json.jbuilder (0.3ms)
  Rendered airplanes/_airplane.json.jbuilder (0.3ms)
  Rendered airplanes/index.json.jbuilder (9.0ms)
Completed 200 OK in 17ms (Views: 14.9ms | ActiveRecord: 0.4ms)


Started GET "/airplanes.json" for ::1 at 2018-04-19 11:05:09 +1000
Processing by AirplanesController#index as JSON
  Rendering airplanes/index.json.jbuilder
  [1m[36mAirplane Load (0.8ms)[0m  [1m[34mSELECT "airplanes".* FROM "airplanes"[0m
  Rendered airplanes/_airplane.json.jbuilder (0.8ms)
  Rendered airplanes/_airplane.json.jbuilder (0.3ms)
  Rendered airplanes/_airplane.json.jbuilder (0.3ms)
  Rendered airplanes/_airplane.json.jbuilder (0.3ms)
  Rendered airplanes/_airplane.json.jbuilder (0.3ms)
  Rendered airplanes/index.json.jbuilder (8.9ms)
Completed 200 OK in 16ms (Views: 13.7ms | ActiveRecord: 0.8ms)


Started GET "/airplanes.json" for ::1 at 2018-04-19 11:05:56 +1000
Processing by AirplanesController#index as JSON
  Rendering airplanes/index.json.jbuilder
  [1m[36mAirplane Load (0.4ms)[0m  [1m[34mSELECT "airplanes".* FROM "airplanes"[0m
  Rendered airplanes/_airplane.json.jbuilder (0.7ms)
  Rendered airplanes/_airplane.json.jbuilder (0.3ms)
  Rendered airplanes/_airplane.json.jbuilder (0.3ms)
  Rendered airplanes/_airplane.json.jbuilder (0.3ms)
  Rendered airplanes/_airplane.json.jbuilder (0.3ms)
  Rendered airplanes/index.json.jbuilder (7.9ms)
Completed 200 OK in 16ms (Views: 13.4ms | ActiveRecord: 0.4ms)


Started GET "/airplanes.json" for ::1 at 2018-04-19 11:06:01 +1000
Processing by AirplanesController#index as JSON
  Rendering airplanes/index.json.jbuilder
  [1m[36mAirplane Load (0.3ms)[0m  [1m[34mSELECT "airplanes".* FROM "airplanes"[0m
  Rendered airplanes/_airplane.json.jbuilder (1.0ms)
  Rendered airplanes/_airplane.json.jbuilder (0.4ms)
  Rendered airplanes/_airplane.json.jbuilder (0.4ms)
  Rendered airplanes/_airplane.json.jbuilder (0.3ms)
  Rendered airplanes/_airplane.json.jbuilder (0.3ms)
  Rendered airplanes/index.json.jbuilder (9.2ms)
Completed 200 OK in 17ms (Views: 15.1ms | ActiveRecord: 0.3ms)


Started GET "/airplanes.json" for ::1 at 2018-04-19 11:06:28 +1000
Processing by AirplanesController#index as JSON
  Rendering airplanes/index.json.jbuilder
  [1m[36mAirplane Load (0.4ms)[0m  [1m[34mSELECT "airplanes".* FROM "airplanes"[0m
  Rendered airplanes/_airplane.json.jbuilder (0.6ms)
  Rendered airplanes/_airplane.json.jbuilder (0.4ms)
  Rendered airplanes/_airplane.json.jbuilder (0.4ms)
  Rendered airplanes/_airplane.json.jbuilder (0.5ms)
  Rendered airplanes/_airplane.json.jbuilder (0.5ms)
  Rendered airplanes/index.json.jbuilder (9.8ms)
Completed 200 OK in 17ms (Views: 14.7ms | ActiveRecord: 0.4ms)


Started GET "/airplanes.json" for ::1 at 2018-04-19 11:07:21 +1000
Processing by AirplanesController#index as JSON
  Rendering airplanes/index.json.jbuilder
  [1m[36mAirplane Load (0.3ms)[0m  [1m[34mSELECT "airplanes".* FROM "airplanes"[0m
  Rendered airplanes/_airplane.json.jbuilder (1.0ms)
  Rendered airplanes/_airplane.json.jbuilder (0.3ms)
  Rendered airplanes/_airplane.json.jbuilder (0.3ms)
  Rendered airplanes/_airplane.json.jbuilder (0.4ms)
  Rendered airplanes/_airplane.json.jbuilder (0.4ms)
  Rendered airplanes/index.json.jbuilder (8.8ms)
Completed 200 OK in 15ms (Views: 13.3ms | ActiveRecord: 0.3ms)


Started GET "/airplanes.json" for ::1 at 2018-04-19 11:11:13 +1000
Processing by AirplanesController#index as JSON
  Rendering airplanes/index.json.jbuilder
  [1m[36mAirplane Load (0.4ms)[0m  [1m[34mSELECT "airplanes".* FROM "airplanes"[0m
  Rendered airplanes/_airplane.json.jbuilder (0.8ms)
  Rendered airplanes/_airplane.json.jbuilder (0.3ms)
  Rendered airplanes/_airplane.json.jbuilder (0.3ms)
  Rendered airplanes/_airplane.json.jbuilder (0.3ms)
  Rendered airplanes/_airplane.json.jbuilder (0.4ms)
  Rendered airplanes/index.json.jbuilder (8.5ms)
Completed 200 OK in 18ms (Views: 15.8ms | ActiveRecord: 0.4ms)


Started GET "/airplanes.json" for ::1 at 2018-04-19 11:13:13 +1000
Processing by AirplanesController#index as JSON
  Rendering airplanes/index.json.jbuilder
  [1m[36mAirplane Load (0.4ms)[0m  [1m[34mSELECT "airplanes".* FROM "airplanes"[0m
  Rendered airplanes/_airplane.json.jbuilder (0.9ms)
  Rendered airplanes/_airplane.json.jbuilder (0.3ms)
  Rendered airplanes/_airplane.json.jbuilder (0.3ms)
  Rendered airplanes/_airplane.json.jbuilder (0.3ms)
  Rendered airplanes/_airplane.json.jbuilder (0.4ms)
  Rendered airplanes/index.json.jbuilder (8.3ms)
Completed 200 OK in 15ms (Views: 13.0ms | ActiveRecord: 0.4ms)


Started GET "/airplanes.json" for ::1 at 2018-04-19 11:14:05 +1000
Processing by AirplanesController#index as JSON
  Rendering airplanes/index.json.jbuilder
  [1m[36mAirplane Load (0.4ms)[0m  [1m[34mSELECT "airplanes".* FROM "airplanes"[0m
  Rendered airplanes/_airplane.json.jbuilder (0.6ms)
  Rendered airplanes/_airplane.json.jbuilder (0.3ms)
  Rendered airplanes/_airplane.json.jbuilder (0.2ms)
  Rendered airplanes/_airplane.json.jbuilder (0.2ms)
  Rendered airplanes/_airplane.json.jbuilder (0.3ms)
  Rendered airplanes/index.json.jbuilder (7.2ms)
Completed 200 OK in 14ms (Views: 12.0ms | ActiveRecord: 0.4ms)


Started GET "/airplanes.json" for ::1 at 2018-04-19 11:14:27 +1000
Processing by AirplanesController#index as JSON
  Rendering airplanes/index.json.jbuilder
  [1m[36mAirplane Load (0.3ms)[0m  [1m[34mSELECT "airplanes".* FROM "airplanes"[0m
  Rendered airplanes/_airplane.json.jbuilder (0.8ms)
  Rendered airplanes/_airplane.json.jbuilder (0.3ms)
  Rendered airplanes/_airplane.json.jbuilder (0.4ms)
  Rendered airplanes/_airplane.json.jbuilder (0.5ms)
  Rendered airplanes/_airplane.json.jbuilder (0.4ms)
  Rendered airplanes/index.json.jbuilder (8.6ms)
Completed 200 OK in 15ms (Views: 13.4ms | ActiveRecord: 0.3ms)


Started GET "/airplanes.json" for ::1 at 2018-04-19 11:15:11 +1000
Processing by AirplanesController#index as JSON
  Rendering airplanes/index.json.jbuilder
  [1m[36mAirplane Load (0.4ms)[0m  [1m[34mSELECT "airplanes".* FROM "airplanes"[0m
  Rendered airplanes/_airplane.json.jbuilder (0.9ms)
  Rendered airplanes/_airplane.json.jbuilder (0.4ms)
  Rendered airplanes/_airplane.json.jbuilder (0.3ms)
  Rendered airplanes/_airplane.json.jbuilder (0.3ms)
  Rendered airplanes/_airplane.json.jbuilder (0.4ms)
  Rendered airplanes/index.json.jbuilder (9.1ms)
Completed 200 OK in 17ms (Views: 14.6ms | ActiveRecord: 0.4ms)


Started GET "/airplanes.json" for ::1 at 2018-04-19 11:15:23 +1000
Processing by AirplanesController#index as JSON
  Rendering airplanes/index.json.jbuilder
  [1m[36mAirplane Load (0.4ms)[0m  [1m[34mSELECT "airplanes".* FROM "airplanes"[0m
  Rendered airplanes/_airplane.json.jbuilder (0.9ms)
  Rendered airplanes/_airplane.json.jbuilder (0.3ms)
  Rendered airplanes/_airplane.json.jbuilder (0.4ms)
  Rendered airplanes/_airplane.json.jbuilder (0.3ms)
  Rendered airplanes/_airplane.json.jbuilder (0.3ms)
  Rendered airplanes/index.json.jbuilder (8.2ms)
Completed 200 OK in 15ms (Views: 12.8ms | ActiveRecord: 0.4ms)


Started GET "/airplanes.json" for ::1 at 2018-04-19 11:16:44 +1000
Processing by AirplanesController#index as JSON
  Rendering airplanes/index.json.jbuilder
  [1m[36mAirplane Load (0.4ms)[0m  [1m[34mSELECT "airplanes".* FROM "airplanes"[0m
  Rendered airplanes/_airplane.json.jbuilder (0.9ms)
  Rendered airplanes/_airplane.json.jbuilder (0.3ms)
  Rendered airplanes/_airplane.json.jbuilder (0.2ms)
  Rendered airplanes/_airplane.json.jbuilder (0.5ms)
  Rendered airplanes/_airplane.json.jbuilder (0.5ms)
  Rendered airplanes/index.json.jbuilder (9.0ms)
Completed 200 OK in 16ms (Views: 14.2ms | ActiveRecord: 0.4ms)


Started GET "/airplanes.json" for ::1 at 2018-04-19 11:16:59 +1000
Processing by AirplanesController#index as JSON
  Rendering airplanes/index.json.jbuilder
  [1m[36mAirplane Load (0.4ms)[0m  [1m[34mSELECT "airplanes".* FROM "airplanes"[0m
  Rendered airplanes/_airplane.json.jbuilder (0.7ms)
  Rendered airplanes/_airplane.json.jbuilder (0.3ms)
  Rendered airplanes/_airplane.json.jbuilder (0.4ms)
  Rendered airplanes/_airplane.json.jbuilder (0.4ms)
  Rendered airplanes/_airplane.json.jbuilder (0.4ms)
  Rendered airplanes/index.json.jbuilder (8.9ms)
Completed 200 OK in 18ms (Views: 15.4ms | ActiveRecord: 0.4ms)


Started GET "/airplanes.json" for ::1 at 2018-04-19 11:19:38 +1000
Processing by AirplanesController#index as JSON
  Rendering airplanes/index.json.jbuilder
  [1m[36mAirplane Load (0.3ms)[0m  [1m[34mSELECT "airplanes".* FROM "airplanes"[0m
  Rendered airplanes/_airplane.json.jbuilder (0.6ms)
  Rendered airplanes/_airplane.json.jbuilder (0.2ms)
  Rendered airplanes/_airplane.json.jbuilder (0.2ms)
  Rendered airplanes/_airplane.json.jbuilder (0.3ms)
  Rendered airplanes/_airplane.json.jbuilder (0.3ms)
  Rendered airplanes/index.json.jbuilder (6.7ms)
Completed 200 OK in 13ms (Views: 11.5ms | ActiveRecord: 0.3ms)


Started GET "/airplanes.json" for ::1 at 2018-04-19 11:20:19 +1000
Processing by AirplanesController#index as JSON
  Rendering airplanes/index.json.jbuilder
  [1m[36mAirplane Load (0.3ms)[0m  [1m[34mSELECT "airplanes".* FROM "airplanes"[0m
  Rendered airplanes/_airplane.json.jbuilder (0.6ms)
  Rendered airplanes/_airplane.json.jbuilder (0.2ms)
  Rendered airplanes/_airplane.json.jbuilder (0.3ms)
  Rendered airplanes/_airplane.json.jbuilder (0.2ms)
  Rendered airplanes/_airplane.json.jbuilder (0.2ms)
  Rendered airplanes/index.json.jbuilder (6.5ms)
Completed 200 OK in 14ms (Views: 11.5ms | ActiveRecord: 0.3ms)


Started GET "/airplanes.json" for ::1 at 2018-04-19 11:36:21 +1000
Processing by AirplanesController#index as JSON
  Rendering airplanes/index.json.jbuilder
  [1m[36mAirplane Load (0.4ms)[0m  [1m[34mSELECT "airplanes".* FROM "airplanes"[0m
  Rendered airplanes/_airplane.json.jbuilder (0.8ms)
  Rendered airplanes/_airplane.json.jbuilder (0.2ms)
  Rendered airplanes/_airplane.json.jbuilder (0.2ms)
  Rendered airplanes/_airplane.json.jbuilder (0.3ms)
  Rendered airplanes/_airplane.json.jbuilder (0.3ms)
  Rendered airplanes/index.json.jbuilder (8.1ms)
Completed 200 OK in 15ms (Views: 12.4ms | ActiveRecord: 0.4ms)


Started GET "/airplanes.json" for ::1 at 2018-04-19 11:36:40 +1000
Processing by AirplanesController#index as JSON
  Rendering airplanes/index.json.jbuilder
  [1m[36mAirplane Load (0.4ms)[0m  [1m[34mSELECT "airplanes".* FROM "airplanes"[0m
  Rendered airplanes/_airplane.json.jbuilder (0.6ms)
  Rendered airplanes/_airplane.json.jbuilder (0.2ms)
  Rendered airplanes/_airplane.json.jbuilder (0.3ms)
  Rendered airplanes/_airplane.json.jbuilder (0.3ms)
  Rendered airplanes/_airplane.json.jbuilder (0.3ms)
  Rendered airplanes/index.json.jbuilder (7.3ms)
Completed 200 OK in 14ms (Views: 12.2ms | ActiveRecord: 0.4ms)


Started GET "/airplanes.json" for ::1 at 2018-04-19 11:37:18 +1000
Processing by AirplanesController#index as JSON
  Rendering airplanes/index.json.jbuilder
  [1m[36mAirplane Load (0.3ms)[0m  [1m[34mSELECT "airplanes".* FROM "airplanes"[0m
  Rendered airplanes/_airplane.json.jbuilder (0.7ms)
  Rendered airplanes/_airplane.json.jbuilder (0.2ms)
  Rendered airplanes/_airplane.json.jbuilder (0.3ms)
  Rendered airplanes/_airplane.json.jbuilder (0.3ms)
  Rendered airplanes/_airplane.json.jbuilder (0.3ms)
  Rendered airplanes/index.json.jbuilder (7.8ms)
Completed 200 OK in 15ms (Views: 12.8ms | ActiveRecord: 0.3ms)


Started GET "/airplanes.json" for ::1 at 2018-04-19 11:38:36 +1000
Processing by AirplanesController#index as JSON
  Rendering airplanes/index.json.jbuilder
  [1m[36mAirplane Load (0.4ms)[0m  [1m[34mSELECT "airplanes".* FROM "airplanes"[0m
  Rendered airplanes/_airplane.json.jbuilder (0.7ms)
  Rendered airplanes/_airplane.json.jbuilder (0.3ms)
  Rendered airplanes/_airplane.json.jbuilder (0.3ms)
  Rendered airplanes/_airplane.json.jbuilder (0.3ms)
  Rendered airplanes/_airplane.json.jbuilder (0.4ms)
  Rendered airplanes/index.json.jbuilder (8.9ms)
Completed 200 OK in 17ms (Views: 14.6ms | ActiveRecord: 0.4ms)


Started GET "/airplanes.json" for ::1 at 2018-04-19 11:39:33 +1000
Processing by AirplanesController#index as JSON
  Rendering airplanes/index.json.jbuilder
  [1m[36mAirplane Load (0.3ms)[0m  [1m[34mSELECT "airplanes".* FROM "airplanes"[0m
  Rendered airplanes/_airplane.json.jbuilder (0.7ms)
  Rendered airplanes/_airplane.json.jbuilder (0.3ms)
  Rendered airplanes/_airplane.json.jbuilder (0.4ms)
  Rendered airplanes/_airplane.json.jbuilder (0.3ms)
  Rendered airplanes/_airplane.json.jbuilder (0.3ms)
  Rendered airplanes/index.json.jbuilder (8.9ms)
Completed 200 OK in 16ms (Views: 13.5ms | ActiveRecord: 0.3ms)


Started GET "/airplanes.json" for ::1 at 2018-04-19 11:43:04 +1000
Processing by AirplanesController#index as JSON
  Rendering airplanes/index.json.jbuilder
  [1m[36mAirplane Load (0.4ms)[0m  [1m[34mSELECT "airplanes".* FROM "airplanes"[0m
  Rendered airplanes/_airplane.json.jbuilder (0.7ms)
  Rendered airplanes/_airplane.json.jbuilder (0.3ms)
  Rendered airplanes/_airplane.json.jbuilder (0.2ms)
  Rendered airplanes/_airplane.json.jbuilder (0.3ms)
  Rendered airplanes/_airplane.json.jbuilder (0.4ms)
  Rendered airplanes/index.json.jbuilder (8.7ms)
Completed 200 OK in 16ms (Views: 13.3ms | ActiveRecord: 0.4ms)


Started GET "/airplanes.json" for ::1 at 2018-04-19 11:43:34 +1000
Processing by AirplanesController#index as JSON
  Rendering airplanes/index.json.jbuilder
  [1m[36mAirplane Load (0.3ms)[0m  [1m[34mSELECT "airplanes".* FROM "airplanes"[0m
  Rendered airplanes/_airplane.json.jbuilder (0.6ms)
  Rendered airplanes/_airplane.json.jbuilder (0.3ms)
  Rendered airplanes/_airplane.json.jbuilder (0.2ms)
  Rendered airplanes/_airplane.json.jbuilder (0.3ms)
  Rendered airplanes/_airplane.json.jbuilder (0.3ms)
  Rendered airplanes/index.json.jbuilder (7.4ms)
Completed 200 OK in 14ms (Views: 12.2ms | ActiveRecord: 0.3ms)


Started GET "/airplanes" for ::1 at 2018-04-19 12:02:53 +1000
Processing by AirplanesController#index as HTML
  Rendering airplanes/index.html.erb within layouts/application
  [1m[36mAirplane Load (0.6ms)[0m  [1m[34mSELECT "airplanes".* FROM "airplanes"[0m
  Rendered airplanes/index.html.erb within layouts/application (4.0ms)
Completed 200 OK in 35ms (Views: 32.9ms | ActiveRecord: 0.6ms)


Started GET "/airplanes/1" for ::1 at 2018-04-19 12:02:55 +1000
Processing by AirplanesController#show as HTML
  Parameters: {"id"=>"1"}
  [1m[36mAirplane Load (1.5ms)[0m  [1m[34mSELECT  "airplanes".* FROM "airplanes" WHERE "airplanes"."id" = $1 LIMIT $2[0m  [["id", 1], ["LIMIT", 1]]
  Rendering airplanes/show.html.erb within layouts/application
  Rendered airplanes/show.html.erb within layouts/application (8.3ms)
Completed 200 OK in 44ms (Views: 32.4ms | ActiveRecord: 1.8ms)


Started GET "/airplanes.json" for ::1 at 2018-04-19 12:04:55 +1000
Processing by AirplanesController#index as JSON
  Rendering airplanes/index.json.jbuilder
  [1m[36mAirplane Load (0.4ms)[0m  [1m[34mSELECT "airplanes".* FROM "airplanes"[0m
  Rendered airplanes/_airplane.json.jbuilder (1.0ms)
  Rendered airplanes/_airplane.json.jbuilder (0.4ms)
  Rendered airplanes/_airplane.json.jbuilder (0.3ms)
  Rendered airplanes/_airplane.json.jbuilder (0.3ms)
  Rendered airplanes/_airplane.json.jbuilder (0.3ms)
  Rendered airplanes/index.json.jbuilder (9.2ms)
Completed 200 OK in 18ms (Views: 14.4ms | ActiveRecord: 0.4ms)


Started GET "/airplanes.json" for ::1 at 2018-04-19 12:05:35 +1000
Processing by AirplanesController#index as JSON
  Rendering airplanes/index.json.jbuilder
  [1m[36mAirplane Load (0.4ms)[0m  [1m[34mSELECT "airplanes".* FROM "airplanes"[0m
  Rendered airplanes/_airplane.json.jbuilder (0.6ms)
  Rendered airplanes/_airplane.json.jbuilder (0.2ms)
  Rendered airplanes/_airplane.json.jbuilder (0.3ms)
  Rendered airplanes/_airplane.json.jbuilder (0.4ms)
  Rendered airplanes/_airplane.json.jbuilder (0.4ms)
  Rendered airplanes/index.json.jbuilder (7.8ms)
Completed 200 OK in 17ms (Views: 14.3ms | ActiveRecord: 0.4ms)


Started GET "/airplanes.json" for ::1 at 2018-04-19 12:05:59 +1000
Processing by AirplanesController#index as JSON
  Rendering airplanes/index.json.jbuilder
  [1m[36mAirplane Load (0.5ms)[0m  [1m[34mSELECT "airplanes".* FROM "airplanes"[0m
  Rendered airplanes/_airplane.json.jbuilder (0.9ms)
  Rendered airplanes/_airplane.json.jbuilder (0.3ms)
  Rendered airplanes/_airplane.json.jbuilder (0.3ms)
  Rendered airplanes/_airplane.json.jbuilder (0.5ms)
  Rendered airplanes/_airplane.json.jbuilder (0.2ms)
  Rendered airplanes/index.json.jbuilder (8.8ms)
Completed 200 OK in 15ms (Views: 13.2ms | ActiveRecord: 0.5ms)


Started GET "/airplanes.json" for ::1 at 2018-04-19 12:08:29 +1000
Processing by AirplanesController#index as JSON
  Rendering airplanes/index.json.jbuilder
  [1m[36mAirplane Load (0.4ms)[0m  [1m[34mSELECT "airplanes".* FROM "airplanes"[0m
  Rendered airplanes/_airplane.json.jbuilder (0.6ms)
  Rendered airplanes/_airplane.json.jbuilder (0.2ms)
  Rendered airplanes/_airplane.json.jbuilder (0.2ms)
  Rendered airplanes/_airplane.json.jbuilder (0.2ms)
  Rendered airplanes/_airplane.json.jbuilder (0.3ms)
  Rendered airplanes/index.json.jbuilder (6.7ms)
Completed 200 OK in 13ms (Views: 11.2ms | ActiveRecord: 0.4ms)


Started GET "/airplanes.json" for ::1 at 2018-04-19 12:18:12 +1000
Processing by AirplanesController#index as JSON
  Rendering airplanes/index.json.jbuilder
  [1m[36mAirplane Load (0.3ms)[0m  [1m[34mSELECT "airplanes".* FROM "airplanes"[0m
  Rendered airplanes/_airplane.json.jbuilder (0.8ms)
  Rendered airplanes/_airplane.json.jbuilder (0.3ms)
  Rendered airplanes/_airplane.json.jbuilder (0.3ms)
  Rendered airplanes/_airplane.json.jbuilder (0.3ms)
  Rendered airplanes/_airplane.json.jbuilder (0.3ms)
  Rendered airplanes/index.json.jbuilder (8.6ms)
Completed 200 OK in 15ms (Views: 13.1ms | ActiveRecord: 0.3ms)


Started GET "/airplanes.json" for ::1 at 2018-04-19 12:20:27 +1000
Processing by AirplanesController#index as JSON
  Rendering airplanes/index.json.jbuilder
  [1m[36mAirplane Load (0.5ms)[0m  [1m[34mSELECT "airplanes".* FROM "airplanes"[0m
  Rendered airplanes/_airplane.json.jbuilder (0.9ms)
  Rendered airplanes/_airplane.json.jbuilder (0.4ms)
  Rendered airplanes/_airplane.json.jbuilder (0.4ms)
  Rendered airplanes/_airplane.json.jbuilder (0.3ms)
  Rendered airplanes/_airplane.json.jbuilder (0.3ms)
  Rendered airplanes/index.json.jbuilder (9.6ms)
Completed 200 OK in 17ms (Views: 15.0ms | ActiveRecord: 0.5ms)


